0 silly input [ 'publish' ]
1 silly flags { _: [ 'publish' ], 'reject-cycles': false, rejectCycles: false }
2 verbose rootPath /Users/timsmiths/Documents/example-workspace
3 info version 2.11.0
4 silly isInitialized
5 silly isInitialized true
6 silly existsSync /Users/timsmiths/Documents/example-workspace/VERSION
7 silly initialize attempt
8 info current version 0.0.2
9 silly isDetachedHead
10 silly getCurrentBranch
11 verbose getCurrentBranch master
12 verbose isDetachedHead false
13 silly getCurrentBranch
14 verbose getCurrentBranch master
15 silly getUpdates
16 info Checking for updated packages...
17 silly hasTags
18 verbose hasTags true
19 silly getLastTag
20 verbose getLastTag v0.0.3
21 info Comparing with v0.0.3.
22 silly diffSinceIn v0.0.3 packages/0-module
23 silly diff packages/0-module/index.js
23 silly diff packages/0-module/package.json
24 silly diffSinceIn v0.0.3 packages/1-module
25 silly diff packages/1-module/index.js
25 silly diff packages/1-module/package.json
26 verbose updated @timsmith/0-module
27 verbose updated @timsmith/1-module
28 info Checking for prereleased packages...
29 silly collectDependents
30 silly isPackageDependentOf @timsmith/0-module @timsmith/0-module
31 silly isPackageDependentOf @timsmith/0-module @timsmith/1-module
32 silly isPackageDependentOf @timsmith/1-module @timsmith/0-module
33 silly isPackageDependentOf @timsmith/1-module @timsmith/1-module
34 silly collectUpdates
35 verbose has filtered update @timsmith/0-module
36 verbose has filtered update @timsmith/1-module
37 silly initialize success
38 silly execute attempt
39 silly addFile /Users/timsmiths/Documents/example-workspace/lerna.json
40 silly runScriptSync preversion @timsmiths/example-workspace
41 silly runScriptSync preversion @timsmith/0-module
42 silly runScriptSync version @timsmith/0-module
43 silly runScriptSync preversion @timsmith/1-module
44 silly runScriptSync version @timsmith/1-module
45 silly runScriptSync version @timsmiths/example-workspace
46 silly addFile /Users/timsmiths/Documents/example-workspace/packages/0-module/package.json
47 silly addFile /Users/timsmiths/Documents/example-workspace/packages/1-module/package.json
48 silly commit v0.0.3
49 verbose commit [ 'commit', '--no-verify', '-m', 'v0.0.3' ]
50 silly addTag v0.0.3
51 error execute caught error
52 error Error: fatal: tag 'v0.0.3' already exists
52 error
52 error     at Function.module.exports.sync (/Users/timsmiths/.nvm/versions/node/v9.11.1/lib/node_modules/lerna/node_modules/execa/index.js:303:26)
52 error     at Function.execSync (/Users/timsmiths/.nvm/versions/node/v9.11.1/lib/node_modules/lerna/lib/ChildProcessUtilities.js:59:30)
52 error     at Function.addTag (/Users/timsmiths/.nvm/versions/node/v9.11.1/lib/node_modules/lerna/lib/GitUtilities.js:100:39)
52 error     at PublishCommand.gitCommitAndTagVersion (/Users/timsmiths/.nvm/versions/node/v9.11.1/lib/node_modules/lerna/lib/commands/PublishCommand.js:779:30)
52 error     at PublishCommand.commitAndTagUpdates (/Users/timsmiths/.nvm/versions/node/v9.11.1/lib/node_modules/lerna/lib/commands/PublishCommand.js:740:27)
52 error     at PublishCommand.execute (/Users/timsmiths/.nvm/versions/node/v9.11.1/lib/node_modules/lerna/lib/commands/PublishCommand.js:329:14)
